<?xml version="1.0" encoding="UTF-8"?>
<testsuites name="jest tests" tests="8" failures="0" errors="0" time="4.145">
  <testsuite name="applyConfigRules – cell-level metadata" errors="0" failures="0" skipped="0" timestamp="2026-02-20T18:41:15" time="2.331" tests="7">
    <testcase classname="applyConfigRules – cell-level metadata returns default config when no rules and no cell metadata" name="applyConfigRules – cell-level metadata returns default config when no rules and no cell metadata" time="0.006">
    </testcase>
    <testcase classname="applyConfigRules – cell-level metadata applies cell-level metadata overrides" name="applyConfigRules – cell-level metadata applies cell-level metadata overrides" time="0.002">
    </testcase>
    <testcase classname="applyConfigRules – cell-level metadata cell-level metadata takes priority over notebook rules" name="applyConfigRules – cell-level metadata cell-level metadata takes priority over notebook rules" time="0.001">
    </testcase>
    <testcase classname="applyConfigRules – cell-level metadata cell-level metadata supports {{prior_notes}} placeholder" name="applyConfigRules – cell-level metadata cell-level metadata supports {{prior_notes}} placeholder" time="0.001">
    </testcase>
    <testcase classname="applyConfigRules – cell-level metadata ignores cell metadata when it is not an object" name="applyConfigRules – cell-level metadata ignores cell metadata when it is not an object" time="0">
    </testcase>
    <testcase classname="applyConfigRules – cell-level metadata ignores missing jupytutor cell metadata" name="applyConfigRules – cell-level metadata ignores missing jupytutor cell metadata" time="0.001">
    </testcase>
    <testcase classname="applyConfigRules – cell-level metadata cell metadata partial override leaves other fields from rules intact" name="applyConfigRules – cell-level metadata cell metadata partial override leaves other fields from rules intact" time="0.001">
    </testcase>
  </testsuite>
  <testsuite name="jupytutor" errors="0" failures="0" skipped="0" timestamp="2026-02-20T18:41:15" time="3.003" tests="1">
    <testcase classname="jupytutor should be tested" name="jupytutor should be tested" time="0.004">
    </testcase>
  </testsuite>
</testsuites>